<?xml version="1.0" encoding="UTF-8"?>
<!-- Generated by org.testng.reporters.JUnitReportReporter -->
<testsuite hostname="DESKTOP-MQCV3QO" failures="0" tests="1" name="InstaID.InstaTest" time="3.887" errors="0" timestamp="2024-10-03T12:10:24 IST" skipped="0">
  <testcase classname="InstaID.InstaTest" name="testLogin" time="3.887"/>
  <system-out/>
</testsuite> <!-- InstaID.InstaTest -->
