<?xml version="1.0" encoding="UTF-8"?>
<!-- Generated by org.testng.reporters.JUnitReportReporter -->
<testsuite hostname="DESKTOP-MQCV3QO" failures="0" tests="1" name="InstaID.InstaTest" time="2.337" errors="0" timestamp="2024-09-18T14:14:32 IST" skipped="0">
  <testcase classname="InstaID.InstaTest" name="testLogin" time="2.337"/>
  <system-out/>
</testsuite> <!-- InstaID.InstaTest -->
