<?xml version="1.0" encoding="UTF-8"?>
<!-- Generated by org.testng.reporters.JUnitReportReporter -->
<testsuite hostname="DESKTOP-MQCV3QO" failures="0" tests="1" name="TaskTestNG.TaskTestNG.AppTest" time="0.009" errors="0" timestamp="2024-09-12T15:17:43 IST" skipped="0">
  <testcase classname="TaskTestNG.TaskTestNG.AppTest" name="testApp" time="0.009"/>
  <system-out/>
</testsuite> <!-- TaskTestNG.TaskTestNG.AppTest -->
