<?xml version="1.0" encoding="UTF-8"?>
<!-- Generated by org.testng.reporters.JUnitReportReporter -->
<testsuite hostname="DESKTOP-MQCV3QO" failures="0" tests="2" name="TestNG.Class04" time="0.002" errors="0" timestamp="2024-08-21T12:25:19 IST" skipped="2">
  <testcase classname="TestNG.Class04" name="f" time="0.002">
    <skipped/>
  </testcase> <!-- f -->
  <system-out/>
  <testcase classname="TestNG.Class04" name="b">
    <skipped/>
  </testcase> <!-- b -->
  <system-out/>
</testsuite> <!-- TestNG.Class04 -->
