<?xml version="1.0" encoding="UTF-8"?>
<!-- Generated by org.testng.reporters.JUnitReportReporter -->
<testsuite hostname="DESKTOP-MQCV3QO" failures="0" tests="4" name="TestNG.Class03" time="0.006" errors="0" timestamp="2024-08-21T12:23:16 IST" skipped="0">
  <testcase classname="TestNG.Class03" name="a" time="0.002"/>
  <system-out/>
  <testcase classname="TestNG.Class03" name="d" time="0.002"/>
  <system-out/>
  <testcase classname="TestNG.Class03" name="c" time="0.001"/>
  <system-out/>
  <testcase classname="TestNG.Class03" name="b" time="0.001"/>
  <system-out/>
</testsuite> <!-- TestNG.Class03 -->
