<?xml version="1.0" encoding="UTF-8"?>
<!-- Generated by org.testng.reporters.JUnitReportReporter -->
<testsuite hostname="DESKTOP-MQCV3QO" failures="0" tests="1" name="TestNG.Assertion3" time="0.018" errors="0" timestamp="21 Aug 2024 11:37:56 GMT">
  <testcase classname="TestNG.Assertion3" name="testCase4" time="0.018"/>
</testsuite> <!-- TestNG.Assertion3 -->
