<?xml version="1.0" encoding="UTF-8"?>
<!-- Generated by org.testng.reporters.JUnitReportReporter -->
<testsuite hostname="DESKTOP-MQCV3QO" failures="0" tests="5" name="TestNG.Class05" time="0.007" errors="0" timestamp="2024-08-21T12:23:16 IST" skipped="0">
  <testcase classname="TestNG.Class05" name="b" time="0.001"/>
  <system-out/>
  <testcase classname="TestNG.Class05" name="b" time="0.001"/>
  <system-out/>
  <testcase classname="TestNG.Class05" name="c" time="0.003"/>
  <system-out/>
  <testcase classname="TestNG.Class05" name="a" time="0.002"/>
  <system-out/>
  <testcase classname="TestNG.Class05" name="c" time="0.000"/>
  <system-out/>
</testsuite> <!-- TestNG.Class05 -->
