<?xml version="1.0" encoding="UTF-8"?>
<!-- Generated by org.testng.reporters.JUnitReportReporter -->
<testsuite hostname="DESKTOP-MQCV3QO" failures="0" tests="1" name="TestNG.Assertion1" time="12.806" errors="0" timestamp="21 Aug 2024 11:13:14 GMT">
  <testcase classname="TestNG.Assertion1" name="testCase1" time="12.806"/>
</testsuite> <!-- TestNG.Assertion1 -->
