<?xml version="1.0" encoding="UTF-8"?>
<!-- Generated by org.testng.reporters.JUnitReportReporter -->
<testsuite hostname="DESKTOP-MQCV3QO" failures="0" tests="2" name="TestNG.Class01" time="0.004" errors="0" timestamp="2024-08-21T12:23:16 IST" skipped="0">
  <testcase classname="TestNG.Class01" name="a1" time="0.001"/>
  <system-out/>
  <testcase classname="TestNG.Class01" name="a2" time="0.003"/>
  <system-out/>
</testsuite> <!-- TestNG.Class01 -->
